[2019-04-26 04:38:14][debug]
    来了handleOrder:
[2019-04-26 04:38:14][error]
    
    call back， return xml:<xml><return_code><![CDATA[SUCCESS]]></return_code><return_msg><![CDATA[OK]]></return_msg></xml>
    file:/data/wwwroot/default/trace.zhuisusys.com/public/plugins/weixin/PayNotify.php,line:55,function:ERROR
    file:/data/wwwroot/default/trace.zhuisusys.com/public/plugins/weixin/lib/vendor/wxpay/WxPayNotify.php,line:104,function:LogAfterProcess
    file:/data/wwwroot/default/trace.zhuisusys.com/public/plugins/weixin/lib/vendor/wxpay/WxPayNotify.php,line:34,function:ReplyNotify
    file:/data/wwwroot/default/trace.zhuisusys.com/public/plugins/weixin/PayNotify.php,line:23,function:Handle
    function:__construct
    file:/data/wwwroot/default/trace.zhuisusys.com/vendor/thinkphp/library/think/Container.php,line:439,function:newInstanceArgs
    file:/data/wwwroot/default/trace.zhuisusys.com/vendor/thinkphp/library/think/Container.php,line:364,function:invokeClass
    function:invokeMethod
    file:/data/wwwroot/default/trace.zhuisusys.com/vendor/thinkphp/library/think/Facade.php,line:123,function:call_user_func_array
    file:/data/wwwroot/default/trace.zhuisusys.com/vendor/thinkcmf/cmf/src/controller/PluginController.php,line:34,function:__callStatic
    function:index
    file:/data/wwwroot/default/trace.zhuisusys.com/vendor/thinkphp/library/think/Container.php,line:373,function:invokeArgs
    file:/data/wwwroot/default/trace.zhuisusys.com/vendor/thinkphp/library/think/Container.php,line:411,function:invokeMethod
    file:/data/wwwroot/default/trace.zhuisusys.com/vendor/thinkphp/library/think/route/dispatch/Callback.php,line:23,function:invoke
    file:/data/wwwroot/default/trace.zhuisusys.com/vendor/thinkphp/library/think/route/Dispatch.php,line:168,function:exec
    file:/data/wwwroot/default/trace.zhuisusys.com/vendor/thinkcmf/cmf/src/App.php,line:475,function:run
    function:think\{closure}
    file:/data/wwwroot/default/trace.zhuisusys.com/vendor/thinkphp/library/think/Middleware.php,line:185,function:call_user_func_array
    function:think\{closure}
    file:/data/wwwroot/default/trace.zhuisusys.com/vendor/thinkphp/library/think/Middleware.php,line:130,function:call_user_func
    file:/data/wwwroot/default/trace.zhuisusys.com/vendor/thinkcmf/cmf/src/App.php,line:478,function:dispatch
    file:/data/wwwroot/default/trace.zhuisusys.com/public/index.php,line:34,function:run

[2019-04-26 10:38:15][debug]
    来了handleOrder:
[2019-04-26 10:38:15][error]
    
    call back， return xml:<xml><return_code><![CDATA[SUCCESS]]></return_code><return_msg><![CDATA[OK]]></return_msg></xml>
    file:/data/wwwroot/default/trace.zhuisusys.com/public/plugins/weixin/PayNotify.php,line:55,function:ERROR
    file:/data/wwwroot/default/trace.zhuisusys.com/public/plugins/weixin/lib/vendor/wxpay/WxPayNotify.php,line:104,function:LogAfterProcess
    file:/data/wwwroot/default/trace.zhuisusys.com/public/plugins/weixin/lib/vendor/wxpay/WxPayNotify.php,line:34,function:ReplyNotify
    file:/data/wwwroot/default/trace.zhuisusys.com/public/plugins/weixin/PayNotify.php,line:23,function:Handle
    function:__construct
    file:/data/wwwroot/default/trace.zhuisusys.com/vendor/thinkphp/library/think/Container.php,line:439,function:newInstanceArgs
    file:/data/wwwroot/default/trace.zhuisusys.com/vendor/thinkphp/library/think/Container.php,line:364,function:invokeClass
    function:invokeMethod
    file:/data/wwwroot/default/trace.zhuisusys.com/vendor/thinkphp/library/think/Facade.php,line:123,function:call_user_func_array
    file:/data/wwwroot/default/trace.zhuisusys.com/vendor/thinkcmf/cmf/src/controller/PluginController.php,line:34,function:__callStatic
    function:index
    file:/data/wwwroot/default/trace.zhuisusys.com/vendor/thinkphp/library/think/Container.php,line:373,function:invokeArgs
    file:/data/wwwroot/default/trace.zhuisusys.com/vendor/thinkphp/library/think/Container.php,line:411,function:invokeMethod
    file:/data/wwwroot/default/trace.zhuisusys.com/vendor/thinkphp/library/think/route/dispatch/Callback.php,line:23,function:invoke
    file:/data/wwwroot/default/trace.zhuisusys.com/vendor/thinkphp/library/think/route/Dispatch.php,line:168,function:exec
    file:/data/wwwroot/default/trace.zhuisusys.com/vendor/thinkcmf/cmf/src/App.php,line:475,function:run
    function:think\{closure}
    file:/data/wwwroot/default/trace.zhuisusys.com/vendor/thinkphp/library/think/Middleware.php,line:185,function:call_user_func_array
    function:think\{closure}
    file:/data/wwwroot/default/trace.zhuisusys.com/vendor/thinkphp/library/think/Middleware.php,line:130,function:call_user_func
    file:/data/wwwroot/default/trace.zhuisusys.com/vendor/thinkcmf/cmf/src/App.php,line:478,function:dispatch
    file:/data/wwwroot/default/trace.zhuisusys.com/public/index.php,line:34,function:run

[2019-04-26 16:04:36][debug]
    来了handleOrder:
[2019-04-26 17:52:55][debug]
    来了handleOrder:
